<?xml version="1.0" encoding="UTF-8"?>
<coverage generated="1720164732641" clover="3.2.0">
  <project timestamp="1720164732641" name="All files">
    <metrics statements="14" coveredstatements="14" conditionals="0" coveredconditionals="0" methods="4" coveredmethods="4" elements="18" coveredelements="18" complexity="0" loc="14" ncloc="14" packages="1" files="3" classes="3"/>
    <file name="faqSection.tsx" path="C:\Users\ansen\OneDrive\Documents\BINAR\SYNERGY 7\Chapter 7\challenge\new\24001143-synrgy7-aji-bcr-ch7-main\24001143-synrgy7-aji-bcr-ch7-main\src\components\fragments\LandingPage\faqSection.tsx">
      <metrics statements="3" coveredstatements="3" conditionals="0" coveredconditionals="0" methods="1" coveredmethods="1"/>
      <line num="1" count="1" type="stmt"/>
      <line num="2" count="1" type="stmt"/>
      <line num="203" count="1" type="stmt"/>
    </file>
    <file name="footer.tsx" path="C:\Users\ansen\OneDrive\Documents\BINAR\SYNERGY 7\Chapter 7\challenge\new\24001143-synrgy7-aji-bcr-ch7-main\24001143-synrgy7-aji-bcr-ch7-main\src\components\fragments\LandingPage\footer.tsx">
      <metrics statements="7" coveredstatements="7" conditionals="0" coveredconditionals="0" methods="2" coveredmethods="2"/>
      <line num="1" count="1" type="stmt"/>
      <line num="2" count="1" type="stmt"/>
      <line num="4" count="1" type="stmt"/>
      <line num="5" count="1" type="stmt"/>
      <line num="6" count="1" type="stmt"/>
      <line num="9" count="1" type="stmt"/>
      <line num="98" count="1" type="stmt"/>
    </file>
    <file name="gettingStartedSection.tsx" path="C:\Users\ansen\OneDrive\Documents\BINAR\SYNERGY 7\Chapter 7\challenge\new\24001143-synrgy7-aji-bcr-ch7-main\24001143-synrgy7-aji-bcr-ch7-main\src\components\fragments\LandingPage\gettingStartedSection.tsx">
      <metrics statements="4" coveredstatements="4" conditionals="0" coveredconditionals="0" methods="1" coveredmethods="1"/>
      <line num="1" count="1" type="stmt"/>
      <line num="3" count="1" type="stmt"/>
      <line num="4" count="1" type="stmt"/>
      <line num="23" count="1" type="stmt"/>
    </file>
  </project>
</coverage>
