{"C:\\Users\\ansen\\OneDrive\\Documents\\BINAR\\SYNERGY 7\\Chapter 7\\challenge\\new\\24001143-synrgy7-aji-bcr-ch7-main\\24001143-synrgy7-aji-bcr-ch7-main\\src\\components\\fragments\\LandingPage\\faqSection.tsx": {"path":"C:\\Users\\ansen\\OneDrive\\Documents\\BINAR\\SYNERGY 7\\Chapter 7\\challenge\\new\\24001143-synrgy7-aji-bcr-ch7-main\\24001143-synrgy7-aji-bcr-ch7-main\\src\\components\\fragments\\LandingPage\\faqSection.tsx","statementMap":{"0":{"start":{"line":1,"column":29},"end":{"line":201,"column":1}},"1":{"start":{"line":2,"column":2},"end":{"line":200,"column":4}},"2":{"start":{"line":203,"column":0},"end":{"line":203,"column":26}}},"fnMap":{"0":{"name":"(anonymous_0)","decl":{"start":{"line":1,"column":29},"end":{"line":1,"column":32}},"loc":{"start":{"line":1,"column":34},"end":{"line":201,"column":1}}}},"branchMap":{},"s":{"0":1,"1":1,"2":1},"f":{"0":1},"b":{}}
,"C:\\Users\\ansen\\OneDrive\\Documents\\BINAR\\SYNERGY 7\\Chapter 7\\challenge\\new\\24001143-synrgy7-aji-bcr-ch7-main\\24001143-synrgy7-aji-bcr-ch7-main\\src\\components\\fragments\\LandingPage\\footer.tsx": {"path":"C:\\Users\\ansen\\OneDrive\\Documents\\BINAR\\SYNERGY 7\\Chapter 7\\challenge\\new\\24001143-synrgy7-aji-bcr-ch7-main\\24001143-synrgy7-aji-bcr-ch7-main\\src\\components\\fragments\\LandingPage\\footer.tsx","statementMap":{"0":{"start":{"line":1,"column":0},"end":{"line":1,"column":36}},"1":{"start":{"line":2,"column":0},"end":{"line":2,"column":34}},"2":{"start":{"line":4,"column":25},"end":{"line":96,"column":1}},"3":{"start":{"line":5,"column":2},"end":{"line":7,"column":9}},"4":{"start":{"line":6,"column":4},"end":{"line":6,"column":22}},"5":{"start":{"line":9,"column":2},"end":{"line":95,"column":4}},"6":{"start":{"line":98,"column":0},"end":{"line":98,"column":22}}},"fnMap":{"0":{"name":"(anonymous_1)","decl":{"start":{"line":4,"column":25},"end":{"line":4,"column":28}},"loc":{"start":{"line":4,"column":30},"end":{"line":96,"column":1}}},"1":{"name":"(anonymous_2)","decl":{"start":{"line":5,"column":12},"end":{"line":5,"column":15}},"loc":{"start":{"line":5,"column":17},"end":{"line":7,"column":3}}}},"branchMap":{},"s":{"0":1,"1":1,"2":1,"3":1,"4":1,"5":1,"6":1},"f":{"0":1,"1":1},"b":{}}
,"C:\\Users\\ansen\\OneDrive\\Documents\\BINAR\\SYNERGY 7\\Chapter 7\\challenge\\new\\24001143-synrgy7-aji-bcr-ch7-main\\24001143-synrgy7-aji-bcr-ch7-main\\src\\components\\fragments\\LandingPage\\gettingStartedSection.tsx": {"path":"C:\\Users\\ansen\\OneDrive\\Documents\\BINAR\\SYNERGY 7\\Chapter 7\\challenge\\new\\24001143-synrgy7-aji-bcr-ch7-main\\24001143-synrgy7-aji-bcr-ch7-main\\src\\components\\fragments\\LandingPage\\gettingStartedSection.tsx","statementMap":{"0":{"start":{"line":1,"column":0},"end":{"line":1,"column":39}},"1":{"start":{"line":3,"column":40},"end":{"line":21,"column":1}},"2":{"start":{"line":4,"column":2},"end":{"line":20,"column":null}},"3":{"start":{"line":23,"column":0},"end":{"line":23,"column":null}}},"fnMap":{"0":{"name":"(anonymous_0)","decl":{"start":{"line":3,"column":40},"end":{"line":3,"column":43}},"loc":{"start":{"line":3,"column":45},"end":{"line":21,"column":1}}}},"branchMap":{},"s":{"0":1,"1":1,"2":1,"3":1},"f":{"0":1},"b":{}}
}
