TN:
SF:src\components\fragments\LandingPage\faqSection.tsx
FN:1,(anonymous_0)
FNF:1
FNH:1
FNDA:1,(anonymous_0)
DA:1,1
DA:2,1
DA:203,1
LF:3
LH:3
BRF:0
BRH:0
end_of_record
TN:
SF:src\components\fragments\LandingPage\footer.tsx
FN:4,(anonymous_1)
FN:5,(anonymous_2)
FNF:2
FNH:2
FNDA:1,(anonymous_1)
FNDA:1,(anonymous_2)
DA:1,1
DA:2,1
DA:4,1
DA:5,1
DA:6,1
DA:9,1
DA:98,1
LF:7
LH:7
BRF:0
BRH:0
end_of_record
TN:
SF:src\components\fragments\LandingPage\gettingStartedSection.tsx
FN:3,(anonymous_0)
FNF:1
FNH:1
FNDA:1,(anonymous_0)
DA:1,1
DA:3,1
DA:4,1
DA:23,1
LF:4
LH:4
BRF:0
BRH:0
end_of_record
